d:\dropbox\pcc\winter 2024\cs-133u-11053 - c\assignment10\assignment10\x64\debug\assignment10.ilk
d:\dropbox\pcc\winter 2024\cs-133u-11053 - c\assignment10\assignment10\x64\debug\vc143.idb
d:\dropbox\pcc\winter 2024\cs-133u-11053 - c\assignment10\assignment10\x64\debug\vc143.pdb
d:\dropbox\pcc\winter 2024\cs-133u-11053 - c\assignment10\x64\debug\assignment10.pdb
d:\dropbox\pcc\winter 2024\cs-133u-11053 - c\assignment10\assignment10\x64\debug\assignment10.tlog\cl.command.1.tlog
d:\dropbox\pcc\winter 2024\cs-133u-11053 - c\assignment10\assignment10\x64\debug\assignment10.tlog\cl.items.tlog
d:\dropbox\pcc\winter 2024\cs-133u-11053 - c\assignment10\assignment10\x64\debug\assignment10.tlog\link-cvtres.read.1.tlog
d:\dropbox\pcc\winter 2024\cs-133u-11053 - c\assignment10\assignment10\x64\debug\assignment10.tlog\link-cvtres.write.1.tlog
d:\dropbox\pcc\winter 2024\cs-133u-11053 - c\assignment10\assignment10\x64\debug\assignment10.tlog\link-rc.read.1.tlog
d:\dropbox\pcc\winter 2024\cs-133u-11053 - c\assignment10\assignment10\x64\debug\assignment10.tlog\link-rc.write.1.tlog
d:\dropbox\pcc\winter 2024\cs-133u-11053 - c\assignment10\assignment10\x64\debug\assignment10.tlog\link.25464-cvtres.read.1.tlog
d:\dropbox\pcc\winter 2024\cs-133u-11053 - c\assignment10\assignment10\x64\debug\assignment10.tlog\link.25464-cvtres.write.1.tlog
d:\dropbox\pcc\winter 2024\cs-133u-11053 - c\assignment10\assignment10\x64\debug\assignment10.tlog\link.25464-rc.read.1.tlog
d:\dropbox\pcc\winter 2024\cs-133u-11053 - c\assignment10\assignment10\x64\debug\assignment10.tlog\link.25464-rc.write.1.tlog
d:\dropbox\pcc\winter 2024\cs-133u-11053 - c\assignment10\assignment10\x64\debug\assignment10.tlog\link.25464.read.1.tlog
d:\dropbox\pcc\winter 2024\cs-133u-11053 - c\assignment10\assignment10\x64\debug\assignment10.tlog\link.25464.read.2.tlog
d:\dropbox\pcc\winter 2024\cs-133u-11053 - c\assignment10\assignment10\x64\debug\assignment10.tlog\link.25464.read.3.tlog
d:\dropbox\pcc\winter 2024\cs-133u-11053 - c\assignment10\assignment10\x64\debug\assignment10.tlog\link.25464.read.4.tlog
d:\dropbox\pcc\winter 2024\cs-133u-11053 - c\assignment10\assignment10\x64\debug\assignment10.tlog\link.25464.write.1.tlog
d:\dropbox\pcc\winter 2024\cs-133u-11053 - c\assignment10\assignment10\x64\debug\assignment10.tlog\link.command.1.tlog
d:\dropbox\pcc\winter 2024\cs-133u-11053 - c\assignment10\assignment10\x64\debug\assignment10.tlog\link.read.1.tlog
d:\dropbox\pcc\winter 2024\cs-133u-11053 - c\assignment10\assignment10\x64\debug\assignment10.tlog\link.read.2.tlog
d:\dropbox\pcc\winter 2024\cs-133u-11053 - c\assignment10\assignment10\x64\debug\assignment10.tlog\link.read.3.tlog
d:\dropbox\pcc\winter 2024\cs-133u-11053 - c\assignment10\assignment10\x64\debug\assignment10.tlog\link.read.4.tlog
d:\dropbox\pcc\winter 2024\cs-133u-11053 - c\assignment10\assignment10\x64\debug\assignment10.tlog\link.secondary.1.tlog
d:\dropbox\pcc\winter 2024\cs-133u-11053 - c\assignment10\assignment10\x64\debug\assignment10.tlog\link.write.1.tlog
